<?xml version="1.0" encoding="UTF-8"?>
<testng-results ignored="0" total="1" passed="1" failed="0" skipped="0">
  <reporter-output>
    <line>
      <![CDATA[Cart is empty]]>
    </line>
  </reporter-output>
  <suite started-at="2025-05-30T00:49:35 IST" name="Default suite" finished-at="2025-05-30T00:50:34 IST" duration-ms="59020">
    <groups>
    </groups>
    <test started-at="2025-05-30T00:49:35 IST" name="Default test" finished-at="2025-05-30T00:50:34 IST" duration-ms="59020">
      <class name="script.Test2">
        <test-method signature="test1()[pri:0, instance:script.Test2@245b4bdc]" started-at="2025-05-30T00:49:35 IST" name="test1" finished-at="2025-05-30T00:50:34 IST" duration-ms="58884" status="PASS">
          <reporter-output>
            <line>
              <![CDATA[Cart is empty]]>
            </line>
          </reporter-output>
        </test-method> <!-- test1 -->
      </class> <!-- script.Test2 -->
    </test> <!-- Default test -->
  </suite> <!-- Default suite -->
</testng-results>
